<?xml version="1.0" encoding="UTF-8"?>
<!-- Generated by org.testng.reporters.JUnitReportReporter -->
<testsuite skipped="0" hostname="P2B-6B77NK2" name="com.accenture.tests.ScreenShot" tests="1" failures="0" timestamp="08 Sep 2018 07:06:10 GMT" time="11.318" errors="0">
  <testcase name="screenShot" time="11.318" classname="com.accenture.tests.ScreenShot"/>
</testsuite> <!-- com.accenture.tests.ScreenShot -->
