<?xml version="1.0" encoding="UTF-8"?>
<!-- Generated by org.testng.reporters.JUnitReportReporter -->
<testsuite skipped="0" hostname="P2B-6B77NK2" name="com.accenture.tests.Demo" tests="2" failures="0" timestamp="08 Sep 2018 06:23:10 GMT" time="12.307" errors="0">
  <testcase name="beforeTest3" time="0.062" classname="com.accenture.tests.Demo"/>
  <testcase name="beforeTest2" time="12.245" classname="com.accenture.tests.Demo"/>
</testsuite> <!-- com.accenture.tests.Demo -->
