<?xml version="1.0" encoding="UTF-8"?>
<!-- Generated by org.testng.reporters.JUnitReportReporter -->
<testsuite skipped="0" hostname="P2B-6B77NK2" name="com.accenture.tests.ScroolDown" tests="1" failures="0" timestamp="08 Sep 2018 07:19:33 GMT" time="11.169" errors="0">
  <testcase name="scroolDown" time="11.169" classname="com.accenture.tests.ScroolDown"/>
</testsuite> <!-- com.accenture.tests.ScroolDown -->
