<?xml version="1.0" encoding="UTF-8"?>
<!-- Generated by org.testng.reporters.JUnitReportReporter -->
<testsuite skipped="0" hostname="P2B-6B77NK2" name="com.accenture.tests.Coocies" tests="1" failures="0" timestamp="08 Sep 2018 07:30:16 GMT" time="12.106" errors="0">
  <testcase name="coocies" time="12.106" classname="com.accenture.tests.Coocies"/>
</testsuite> <!-- com.accenture.tests.Coocies -->
