<?xml version="1.0" encoding="UTF-8"?>
<!-- Generated by org.testng.reporters.JUnitReportReporter -->
<testsuite skipped="0" hostname="P2B-6B77NK2" name="com.accenture.tests.Demo2" tests="1" failures="0" timestamp="08 Sep 2018 06:53:56 GMT" time="16.662" errors="0">
  <testcase name="upload" time="16.662" classname="com.accenture.tests.Demo2"/>
</testsuite> <!-- com.accenture.tests.Demo2 -->
